Using pre-set license
Built from '2020.2/staging' branch; Version is '2020.2.7f1 (c53830e277f1) revision 12924976'; Using compiler version '192528614'; Build Type 'Release'
OS: 'Windows 10 Home; OS build 19042.1348; Version 2009; 64bit' Language: 'es' Physical Memory: 16252 MB
BatchMode: 1, IsHumanControllingUs: 0, StartBugReporterOnCrash: 0, Is64bit: 1, IsPro: 0

 COMMAND LINE ARGUMENTS:
C:\Program Files\Unity\Hub\Editor\2020.2.7f1\Editor\Unity.exe
-adb2
-batchMode
-noUpm
-name
AssetImportWorker0
-projectPath
C:/Users/julio/Proyecto Final
-logFile
Logs/AssetImportWorker0.log
-srvPort
64270
Successfully changed project path to: C:/Users/julio/Proyecto Final
C:/Users/julio/Proyecto Final
Using Asset Import Pipeline V2.
Refreshing native plugins compatible for Editor in 34.49 ms, found 0 plugins.
Preloading 0 native plugins for Editor in 0.00 ms.
Initialize engine version: 2020.2.7f1 (c53830e277f1)
[Subsystems] Discovering subsystems at path C:/Program Files/Unity/Hub/Editor/2020.2.7f1/Editor/Data/Resources/UnitySubsystems
[Subsystems] Discovering subsystems at path C:/Users/julio/Proyecto Final/Assets
GfxDevice: creating device client; threaded=0
Direct3D:
    Version:  Direct3D 11.0 [level 11.0]
    Renderer: NVIDIA GeForce 940MX (ID=0x179c)
    Vendor:   
    VRAM:     2010 MB
    Driver:   27.21.14.6192
Initialize mono
Mono path[0] = 'C:/Program Files/Unity/Hub/Editor/2020.2.7f1/Editor/Data/Managed'
Mono path[1] = 'C:/Program Files/Unity/Hub/Editor/2020.2.7f1/Editor/Data/MonoBleedingEdge/lib/mono/unityjit'
Mono config path = 'C:/Program Files/Unity/Hub/Editor/2020.2.7f1/Editor/Data/MonoBleedingEdge/etc'
Using monoOptions --debugger-agent=transport=dt_socket,embedding=1,server=y,suspend=n,address=127.0.0.1:56816
Begin MonoManager ReloadAssembly
Registering precompiled unity dll's ...
Register platform support module: C:/Program Files/Unity/Hub/Editor/2020.2.7f1/Editor/Data/PlaybackEngines/WindowsStandaloneSupport/UnityEditor.WindowsStandalone.Extensions.dll
Registered in 0.002331 seconds.
Native extension for WindowsStandalone target not found
Refreshing native plugins compatible for Editor in 27.30 ms, found 0 plugins.
Preloading 0 native plugins for Editor in 0.00 ms.
Invoked RoslynAnalysisRunner static constructor.
RoslynAnalysisRunner will not be running.
RoslynAnalysisRunner has terminated.
Mono: successfully reloaded assembly
- Completed reload, in  1.201 seconds
Platform modules already initialized, skipping
Registering precompiled user dll's ...
Registered in 0.000865 seconds.
Begin MonoManager ReloadAssembly
Native extension for WindowsStandalone target not found
Refreshing native plugins compatible for Editor in 0.23 ms, found 0 plugins.
Preloading 0 native plugins for Editor in 0.00 ms.
Invoked RoslynAnalysisRunner static constructor.
RoslynAnalysisRunner will not be running.
RoslynAnalysisRunner has terminated.
Mono: successfully reloaded assembly
- Completed reload, in  0.980 seconds
Platform modules already initialized, skipping
========================================================================
Worker process is ready to serve import requests
Launched and connected shader compiler UnityShaderCompiler.exe after 0.05 seconds
Refreshing native plugins compatible for Editor in 0.23 ms, found 0 plugins.
Preloading 0 native plugins for Editor in 0.00 ms.
Unloading 1139 Unused Serialized files (Serialized files now loaded: 0)
System memory in use before: 61.0 MB.
System memory in use after: 61.0 MB.

Unloading 10 unused Assets to reduce memory usage. Loaded Objects now: 1588.
Total: 2.369500 ms (FindLiveObjects: 0.172800 ms CreateObjectMapping: 0.059100 ms MarkObjects: 2.029400 ms  DeleteObjects: 0.106500 ms)

========================================================================
Received Import Request.
  path: Assets/Scripts/salto1.cs
  artifactKey: Guid(fddd6f0f1a2974249a8a1745b32f4f21) Importer(815301076,1909f56bfc062723c751e8b465ee728b)
Start importing Assets/Scripts/salto1.cs using Guid(fddd6f0f1a2974249a8a1745b32f4f21) Importer(815301076,1909f56bfc062723c751e8b465ee728b)  -> (artifact id: '02713b28bb336b98e80c275707ed0a9f') in 0.041794 seconds
  Import took 0.044116 seconds .

========================================================================
Received Import Request.
  Time since last request: 0.016731 seconds.
  path: Assets/TextMesh Pro/Shaders/TMPro_Surface.cginc
  artifactKey: Guid(d930090c0cd643c7b55f19a38538c162) Importer(815301076,1909f56bfc062723c751e8b465ee728b)
Start importing Assets/TextMesh Pro/Shaders/TMPro_Surface.cginc using Guid(d930090c0cd643c7b55f19a38538c162) Importer(815301076,1909f56bfc062723c751e8b465ee728b)  -> (artifact id: '8574c193923654417fd31a69f9cd81d0') in 0.019423 seconds
  Import took 0.022924 seconds .

========================================================================
Received Import Request.
  Time since last request: 0.007300 seconds.
  path: Assets/TextMesh Pro/Shaders/TMP_SDF SSD.shader
  artifactKey: Guid(14eb328de4b8eb245bb7cea29e4ac00b) Importer(815301076,1909f56bfc062723c751e8b465ee728b)
Start importing Assets/TextMesh Pro/Shaders/TMP_SDF SSD.shader using Guid(14eb328de4b8eb245bb7cea29e4ac00b) Importer(815301076,1909f56bfc062723c751e8b465ee728b)  -> (artifact id: 'a74b1bcd4498afdd836dfa06f8d7fbdb') in 0.010212 seconds
  Import took 0.012818 seconds .

========================================================================
Received Import Request.
  Time since last request: 0.015067 seconds.
  path: Assets/TextMesh Pro/Shaders/TMP_SDF.shader
  artifactKey: Guid(68e6db2ebdc24f95958faec2be5558d6) Importer(815301076,1909f56bfc062723c751e8b465ee728b)
Start importing Assets/TextMesh Pro/Shaders/TMP_SDF.shader using Guid(68e6db2ebdc24f95958faec2be5558d6) Importer(815301076,1909f56bfc062723c751e8b465ee728b)  -> (artifact id: '82b6bc8df04452b9cccee25aea7d0d36') in 0.006518 seconds
  Import took 0.008540 seconds .

========================================================================
Received Import Request.
  Time since last request: 0.013206 seconds.
  path: Assets/TextMesh Pro/Shaders
  artifactKey: Guid(e9f693669af91aa45ad615fc681ed29f) Importer(815301076,1909f56bfc062723c751e8b465ee728b)
Start importing Assets/TextMesh Pro/Shaders using Guid(e9f693669af91aa45ad615fc681ed29f) Importer(815301076,1909f56bfc062723c751e8b465ee728b)  -> (artifact id: '697c4e5c4bea9958c499de40ca2a71fe') in 0.006727 seconds
  Import took 0.008791 seconds .

========================================================================
Received Import Request.
  Time since last request: 0.077705 seconds.
  path: Assets/TextMesh Pro/Shaders/TMP_SDF-Mobile.shader
  artifactKey: Guid(fe393ace9b354375a9cb14cdbbc28be4) Importer(815301076,1909f56bfc062723c751e8b465ee728b)
Start importing Assets/TextMesh Pro/Shaders/TMP_SDF-Mobile.shader using Guid(fe393ace9b354375a9cb14cdbbc28be4) Importer(815301076,1909f56bfc062723c751e8b465ee728b)  -> (artifact id: '40ad492e65fb521f5f6557c2d822ef8c') in 0.007165 seconds
  Import took 0.009569 seconds .

========================================================================
Received Import Request.
  Time since last request: 0.067662 seconds.
  path: Assets/TextMesh Pro/Shaders/TMP_Bitmap.shader
  artifactKey: Guid(128e987d567d4e2c824d754223b3f3b0) Importer(815301076,1909f56bfc062723c751e8b465ee728b)
Start importing Assets/TextMesh Pro/Shaders/TMP_Bitmap.shader using Guid(128e987d567d4e2c824d754223b3f3b0) Importer(815301076,1909f56bfc062723c751e8b465ee728b)  -> (artifact id: 'd4ea8e7324f8531dd304933a2069d0fc') in 0.006794 seconds
  Import took 0.009206 seconds .

========================================================================
Received Import Request.
  Time since last request: 0.008401 seconds.
  path: Assets/TextMesh Pro/Shaders/TMP_SDF-Mobile SSD.shader
  artifactKey: Guid(c8d12adcee749c344b8117cf7c7eb912) Importer(815301076,1909f56bfc062723c751e8b465ee728b)
Start importing Assets/TextMesh Pro/Shaders/TMP_SDF-Mobile SSD.shader using Guid(c8d12adcee749c344b8117cf7c7eb912) Importer(815301076,1909f56bfc062723c751e8b465ee728b)  -> (artifact id: 'ee79b46ef16052fe072d0339886c97b1') in 0.007025 seconds
  Import took 0.009095 seconds .

========================================================================
Received Import Request.
  Time since last request: 0.041742 seconds.
  path: Assets/Scripts/Salida.cs
  artifactKey: Guid(624aad119b925bb4cbf0c5a8d3871f2e) Importer(815301076,1909f56bfc062723c751e8b465ee728b)
Start importing Assets/Scripts/Salida.cs using Guid(624aad119b925bb4cbf0c5a8d3871f2e) Importer(815301076,1909f56bfc062723c751e8b465ee728b)  -> (artifact id: '63f1e155720a5e592c00e8fb4aa1cedf') in 0.008195 seconds
  Import took 0.010399 seconds .

========================================================================
Received Import Request.
  Time since last request: 0.008255 seconds.
  path: Assets/TextMesh Pro/Resources/LineBreaking Following Characters.txt
  artifactKey: Guid(fade42e8bc714b018fac513c043d323b) Importer(815301076,1909f56bfc062723c751e8b465ee728b)
Start importing Assets/TextMesh Pro/Resources/LineBreaking Following Characters.txt using Guid(fade42e8bc714b018fac513c043d323b) Importer(815301076,1909f56bfc062723c751e8b465ee728b)  -> (artifact id: 'b7145afe917af31af95555d1b5921d3b') in 0.017504 seconds
  Import took 0.020537 seconds .

========================================================================
Received Import Request.
  Time since last request: 0.007141 seconds.
  path: Assets/Scripts/salto2.cs
  artifactKey: Guid(0d741d903afac6f40a6b557705abed00) Importer(815301076,1909f56bfc062723c751e8b465ee728b)
Start importing Assets/Scripts/salto2.cs using Guid(0d741d903afac6f40a6b557705abed00) Importer(815301076,1909f56bfc062723c751e8b465ee728b)  -> (artifact id: 'd831bb1f2e409ac2eb79e422b8dbbf64') in 0.006713 seconds
  Import took 0.009309 seconds .

========================================================================
Received Import Request.
  Time since last request: 0.036306 seconds.
  path: Assets/TextMesh Pro/Sprites/EmojiOne.json
  artifactKey: Guid(8f05276190cf498a8153f6cbe761d4e6) Importer(815301076,1909f56bfc062723c751e8b465ee728b)
Start importing Assets/TextMesh Pro/Sprites/EmojiOne.json using Guid(8f05276190cf498a8153f6cbe761d4e6) Importer(815301076,1909f56bfc062723c751e8b465ee728b)  -> (artifact id: '880ec2c66bfe0f062080786f9cfd5002') in 0.011260 seconds
  Import took 0.014049 seconds .

========================================================================
Received Import Request.
  Time since last request: 0.047682 seconds.
  path: Assets/TextMesh Pro/Resources/Fonts & Materials
  artifactKey: Guid(731f1baa9d144a9897cb1d341c2092b8) Importer(815301076,1909f56bfc062723c751e8b465ee728b)
Start importing Assets/TextMesh Pro/Resources/Fonts & Materials using Guid(731f1baa9d144a9897cb1d341c2092b8) Importer(815301076,1909f56bfc062723c751e8b465ee728b)  -> (artifact id: 'cb7d7dd18adb5dca6e3118c66b5bd1a3') in 0.006845 seconds
  Import took 0.009871 seconds .

========================================================================
Received Import Request.
  Time since last request: 0.131410 seconds.
  path: Assets/Scenes/Nivel2.unity
  artifactKey: Guid(87f3228a469447443b3dea2ac8221d43) Importer(815301076,1909f56bfc062723c751e8b465ee728b)
Start importing Assets/Scenes/Nivel2.unity using Guid(87f3228a469447443b3dea2ac8221d43) Importer(815301076,1909f56bfc062723c751e8b465ee728b)  -> (artifact id: '0a9b126f6131861193207627c70ba3f5') in 0.010894 seconds
  Import took 0.016262 seconds .

========================================================================
Received Import Request.
  Time since last request: 0.055433 seconds.
  path: Assets/TextMesh Pro/Shaders/TMP_Bitmap-Custom-Atlas.shader
  artifactKey: Guid(48bb5f55d8670e349b6e614913f9d910) Importer(815301076,1909f56bfc062723c751e8b465ee728b)
Start importing Assets/TextMesh Pro/Shaders/TMP_Bitmap-Custom-Atlas.shader using Guid(48bb5f55d8670e349b6e614913f9d910) Importer(815301076,1909f56bfc062723c751e8b465ee728b)  -> (artifact id: 'f21a982489cd42e1ec7ac0e5d8b0fcb1') in 0.008041 seconds
  Import took 0.011291 seconds .

========================================================================
Received Import Request.
  Time since last request: 0.009170 seconds.
  path: Assets/TextMesh Pro/Shaders/TMP_SDF-Surface-Mobile.shader
  artifactKey: Guid(85187c2149c549c5b33f0cdb02836b17) Importer(815301076,1909f56bfc062723c751e8b465ee728b)
Start importing Assets/TextMesh Pro/Shaders/TMP_SDF-Surface-Mobile.shader using Guid(85187c2149c549c5b33f0cdb02836b17) Importer(815301076,1909f56bfc062723c751e8b465ee728b)  -> (artifact id: 'eabde76c3321914d9f6bcb1ea157bf64') in 0.010440 seconds
  Import took 0.013600 seconds .

========================================================================
Received Import Request.
  Time since last request: 0.027067 seconds.
  path: Assets/TextMesh Pro/Shaders/TMPro_Properties.cginc
  artifactKey: Guid(3997e2241185407d80309a82f9148466) Importer(815301076,1909f56bfc062723c751e8b465ee728b)
Start importing Assets/TextMesh Pro/Shaders/TMPro_Properties.cginc using Guid(3997e2241185407d80309a82f9148466) Importer(815301076,1909f56bfc062723c751e8b465ee728b)  -> (artifact id: '443507080b105707ba99f0193ba86f17') in 0.008517 seconds
  Import took 0.012510 seconds .

========================================================================
Received Import Request.
  Time since last request: 0.056382 seconds.
  path: Assets/TextMesh Pro/Resources/Fonts & Materials/LiberationSans SDF.asset
  artifactKey: Guid(8f586378b4e144a9851e7b34d9b748ee) Importer(815301076,1909f56bfc062723c751e8b465ee728b)
Start importing Assets/TextMesh Pro/Resources/Fonts & Materials/LiberationSans SDF.asset using Guid(8f586378b4e144a9851e7b34d9b748ee) Importer(815301076,1909f56bfc062723c751e8b465ee728b)  -> (artifact id: '0fc84943dc0d267630bc247718ebf5c2') in 0.202342 seconds
  Import took 0.207940 seconds .

========================================================================
Received Import Request.
  Time since last request: 0.030525 seconds.
  path: Assets/Scripts/Exti/Exti.cs
  artifactKey: Guid(cc559ed799e851449afd71a59b08e197) Importer(815301076,1909f56bfc062723c751e8b465ee728b)
Start importing Assets/Scripts/Exti/Exti.cs using Guid(cc559ed799e851449afd71a59b08e197) Importer(815301076,1909f56bfc062723c751e8b465ee728b)  -> (artifact id: 'd0dc2991d41214506863528a3021d41b') in 0.008139 seconds
  Import took 0.011367 seconds .

========================================================================
Received Import Request.
  Time since last request: 0.008588 seconds.
  path: Assets/TextMesh Pro/Resources/Style Sheets/Default Style Sheet.asset
  artifactKey: Guid(f952c082cb03451daed3ee968ac6c63e) Importer(815301076,1909f56bfc062723c751e8b465ee728b)
Start importing Assets/TextMesh Pro/Resources/Style Sheets/Default Style Sheet.asset using Guid(f952c082cb03451daed3ee968ac6c63e) Importer(815301076,1909f56bfc062723c751e8b465ee728b)  -> (artifact id: '5401f98a56a1af3ad8e2148721a5c8a8') in 0.010506 seconds
  Import took 0.013647 seconds .

========================================================================
Received Import Request.
  Time since last request: 0.018356 seconds.
  path: Assets/TextMesh Pro/Documentation
  artifactKey: Guid(8e7e8f5a82a3a134e91c54efd2274ea9) Importer(815301076,1909f56bfc062723c751e8b465ee728b)
Start importing Assets/TextMesh Pro/Documentation using Guid(8e7e8f5a82a3a134e91c54efd2274ea9) Importer(815301076,1909f56bfc062723c751e8b465ee728b)  -> (artifact id: 'ae5f3684be8e9cb0750b1f88737cf83e') in 0.008804 seconds
  Import took 0.012570 seconds .

========================================================================
Received Import Request.
  Time since last request: 0.009653 seconds.
  path: Assets/TextMesh Pro/Shaders/TMPro.cginc
  artifactKey: Guid(407bc68d299748449bbf7f48ee690f8d) Importer(815301076,1909f56bfc062723c751e8b465ee728b)
Start importing Assets/TextMesh Pro/Shaders/TMPro.cginc using Guid(407bc68d299748449bbf7f48ee690f8d) Importer(815301076,1909f56bfc062723c751e8b465ee728b)  -> (artifact id: '6e531d8c96644fd60786bd1ffb67f62e') in 0.008037 seconds
  Import took 0.011844 seconds .

========================================================================
Received Import Request.
  Time since last request: 0.032844 seconds.
  path: Assets/Imagenes/Materials
  artifactKey: Guid(fd2b73bdac68c1048b4dc8c0d34d3efd) Importer(815301076,1909f56bfc062723c751e8b465ee728b)
Start importing Assets/Imagenes/Materials using Guid(fd2b73bdac68c1048b4dc8c0d34d3efd) Importer(815301076,1909f56bfc062723c751e8b465ee728b)  -> (artifact id: 'd58be580127365a77c5b1babbe90e6e2') in 0.008359 seconds
  Import took 0.011378 seconds .

========================================================================
Received Import Request.
  Time since last request: 0.012559 seconds.
  path: Assets/TextMesh Pro/Resources/Style Sheets
  artifactKey: Guid(4aecb92fff08436c8303b10eab8da368) Importer(815301076,1909f56bfc062723c751e8b465ee728b)
Start importing Assets/TextMesh Pro/Resources/Style Sheets using Guid(4aecb92fff08436c8303b10eab8da368) Importer(815301076,1909f56bfc062723c751e8b465ee728b)  -> (artifact id: '6c8058e8526e3582dee801baf92f28c2') in 0.008925 seconds
  Import took 0.012484 seconds .

========================================================================
Received Import Request.
  Time since last request: 0.028967 seconds.
  path: Assets/Scripts/Player/Disparo.cs
  artifactKey: Guid(031f32455041fc24ba7d7288c8a33579) Importer(815301076,1909f56bfc062723c751e8b465ee728b)
Start importing Assets/Scripts/Player/Disparo.cs using Guid(031f32455041fc24ba7d7288c8a33579) Importer(815301076,1909f56bfc062723c751e8b465ee728b)  -> (artifact id: '787f39d5defec0555716572531f36ff0') in 0.008411 seconds
  Import took 0.011419 seconds .

========================================================================
Received Import Request.
  Time since last request: 0.008934 seconds.
  path: Assets/TextMesh Pro/Resources/Sprite Assets/EmojiOne.asset
  artifactKey: Guid(c41005c129ba4d66911b75229fd70b45) Importer(815301076,1909f56bfc062723c751e8b465ee728b)
Start importing Assets/TextMesh Pro/Resources/Sprite Assets/EmojiOne.asset using Guid(c41005c129ba4d66911b75229fd70b45) Importer(815301076,1909f56bfc062723c751e8b465ee728b)  -> (artifact id: 'b22c68626b91d6f855c142f0b7cb63bc') in 0.012306 seconds
  Import took 0.015470 seconds .

========================================================================
Received Import Request.
  Time since last request: 0.008508 seconds.
  path: Assets/TextMesh Pro/Shaders/TMP_SDF-Mobile Masking.shader
  artifactKey: Guid(bc1ede39bf3643ee8e493720e4259791) Importer(815301076,1909f56bfc062723c751e8b465ee728b)
Start importing Assets/TextMesh Pro/Shaders/TMP_SDF-Mobile Masking.shader using Guid(bc1ede39bf3643ee8e493720e4259791) Importer(815301076,1909f56bfc062723c751e8b465ee728b)  -> (artifact id: '2ee6705d010628385da3a6a671d3048b') in 0.007648 seconds
  Import took 0.010297 seconds .

========================================================================
Received Import Request.
  Time since last request: 0.021038 seconds.
  path: Assets/TextMesh Pro/Shaders/TMP_Sprite.shader
  artifactKey: Guid(cf81c85f95fe47e1a27f6ae460cf182c) Importer(815301076,1909f56bfc062723c751e8b465ee728b)
Start importing Assets/TextMesh Pro/Shaders/TMP_Sprite.shader using Guid(cf81c85f95fe47e1a27f6ae460cf182c) Importer(815301076,1909f56bfc062723c751e8b465ee728b)  -> (artifact id: '4f669682ff2f050bd10b6e73a688fe4d') in 0.007223 seconds
  Import took 0.010311 seconds .

========================================================================
Received Import Request.
  Time since last request: 0.029034 seconds.
  path: Assets/TextMesh Pro/Shaders/TMPro_Mobile.cginc
  artifactKey: Guid(c334973cef89a9840b0b0c507e0377ab) Importer(815301076,1909f56bfc062723c751e8b465ee728b)
Start importing Assets/TextMesh Pro/Shaders/TMPro_Mobile.cginc using Guid(c334973cef89a9840b0b0c507e0377ab) Importer(815301076,1909f56bfc062723c751e8b465ee728b)  -> (artifact id: 'c483a77c3dbdc04a5e63865f155768c4') in 0.008353 seconds
  Import took 0.011344 seconds .

========================================================================
Received Import Request.
  Time since last request: 0.038017 seconds.
  path: Assets/TextMesh Pro/Sprites/EmojiOne Attribution.txt
  artifactKey: Guid(381dcb09d5029d14897e55f98031fca5) Importer(815301076,1909f56bfc062723c751e8b465ee728b)
Start importing Assets/TextMesh Pro/Sprites/EmojiOne Attribution.txt using Guid(381dcb09d5029d14897e55f98031fca5) Importer(815301076,1909f56bfc062723c751e8b465ee728b)  -> (artifact id: 'ac93163dfb5d534491c4d53f4f193f89') in 0.008815 seconds
  Import took 0.012062 seconds .

========================================================================
Received Import Request.
  Time since last request: 0.035026 seconds.
  path: Assets/Scripts/Final.cs
  artifactKey: Guid(aa7ad1792ec4d914fa6befdef473078b) Importer(815301076,1909f56bfc062723c751e8b465ee728b)
Start importing Assets/Scripts/Final.cs using Guid(aa7ad1792ec4d914fa6befdef473078b) Importer(815301076,1909f56bfc062723c751e8b465ee728b)  -> (artifact id: '8919d1a74da78b10e9cb2671d913331a') in 0.008009 seconds
  Import took 0.010472 seconds .

========================================================================
Received Import Request.
  Time since last request: 0.010744 seconds.
  path: Assets/TextMesh Pro/Shaders/TMP_SDF-Surface.shader
  artifactKey: Guid(f7ada0af4f174f0694ca6a487b8f543d) Importer(815301076,1909f56bfc062723c751e8b465ee728b)
Start importing Assets/TextMesh Pro/Shaders/TMP_SDF-Surface.shader using Guid(f7ada0af4f174f0694ca6a487b8f543d) Importer(815301076,1909f56bfc062723c751e8b465ee728b)  -> (artifact id: '236f67ff9fbe32bfd51d366dab165166') in 0.007464 seconds
  Import took 0.010438 seconds .

========================================================================
Received Import Request.
  Time since last request: 0.033676 seconds.
  path: Assets/TextMesh Pro/Resources/Sprite Assets
  artifactKey: Guid(512a49d95c0c4332bdd98131869c23c9) Importer(815301076,1909f56bfc062723c751e8b465ee728b)
Start importing Assets/TextMesh Pro/Resources/Sprite Assets using Guid(512a49d95c0c4332bdd98131869c23c9) Importer(815301076,1909f56bfc062723c751e8b465ee728b)  -> (artifact id: '37f9c29695732a0eb95536ce8177f289') in 0.006862 seconds
  Import took 0.008986 seconds .

========================================================================
Received Import Request.
  Time since last request: 0.080849 seconds.
  path: Assets/TextMesh Pro/Shaders/TMP_SDF Overlay.shader
  artifactKey: Guid(dd89cf5b9246416f84610a006f916af7) Importer(815301076,1909f56bfc062723c751e8b465ee728b)
Start importing Assets/TextMesh Pro/Shaders/TMP_SDF Overlay.shader using Guid(dd89cf5b9246416f84610a006f916af7) Importer(815301076,1909f56bfc062723c751e8b465ee728b)  -> (artifact id: 'd395bb67991d2b4428221236faa1cf4c') in 0.007763 seconds
  Import took 0.010572 seconds .

========================================================================
Received Import Request.
  Time since last request: 0.048766 seconds.
  path: Assets/Materials/brick_wall_11-4K/brick_wall_11-4K/pared roja.mat
  artifactKey: Guid(144b16c7040db8b4690f4dbb763150ac) Importer(815301076,1909f56bfc062723c751e8b465ee728b)
Start importing Assets/Materials/brick_wall_11-4K/brick_wall_11-4K/pared roja.mat using Guid(144b16c7040db8b4690f4dbb763150ac) Importer(815301076,1909f56bfc062723c751e8b465ee728b)  -> (artifact id: '34ef785c1c97b987a380452b44ebc7cc') in 0.102683 seconds
  Import took 0.105663 seconds .

========================================================================
Received Import Request.
  Time since last request: 0.075143 seconds.
  path: Assets/TextMesh Pro/Resources/TMP Settings.asset
  artifactKey: Guid(3f5b5dff67a942289a9defa416b206f3) Importer(815301076,1909f56bfc062723c751e8b465ee728b)
Start importing Assets/TextMesh Pro/Resources/TMP Settings.asset using Guid(3f5b5dff67a942289a9defa416b206f3) Importer(815301076,1909f56bfc062723c751e8b465ee728b)  -> (artifact id: '1a2093dac6e01a1b6d3bdaf2fb86cf7f') in 0.034769 seconds
  Import took 0.037759 seconds .

========================================================================
Received Import Request.
  Time since last request: 0.010889 seconds.
  path: Assets/TextMesh Pro/Sprites
  artifactKey: Guid(d0603b6d5186471b96c778c3949c7ce2) Importer(815301076,1909f56bfc062723c751e8b465ee728b)
Start importing Assets/TextMesh Pro/Sprites using Guid(d0603b6d5186471b96c778c3949c7ce2) Importer(815301076,1909f56bfc062723c751e8b465ee728b)  -> (artifact id: '9eb10bc992e3a118ff3d637063bb3f52') in 0.007035 seconds
  Import took 0.009773 seconds .

========================================================================
Received Import Request.
  Time since last request: 0.093756 seconds.
  path: Assets/TextMesh Pro/Documentation/TextMesh Pro User Guide 2016.pdf
  artifactKey: Guid(1b8d251f9af63b746bf2f7ffe00ebb9b) Importer(815301076,1909f56bfc062723c751e8b465ee728b)
Start importing Assets/TextMesh Pro/Documentation/TextMesh Pro User Guide 2016.pdf using Guid(1b8d251f9af63b746bf2f7ffe00ebb9b) Importer(815301076,1909f56bfc062723c751e8b465ee728b)  -> (artifact id: 'afe1a24b904e80e9f229ed0c9c9df12d') in 0.012776 seconds
  Import took 0.015675 seconds .

========================================================================
Received Import Request.
  Time since last request: 0.023461 seconds.
  path: Assets/TextMesh Pro/Shaders/TMP_Bitmap-Mobile.shader
  artifactKey: Guid(1e3b057af24249748ff873be7fafee47) Importer(815301076,1909f56bfc062723c751e8b465ee728b)
Start importing Assets/TextMesh Pro/Shaders/TMP_Bitmap-Mobile.shader using Guid(1e3b057af24249748ff873be7fafee47) Importer(815301076,1909f56bfc062723c751e8b465ee728b)  -> (artifact id: '1b6298fe0a2acb1780892b14cff39077') in 0.007896 seconds
  Import took 0.010801 seconds .

========================================================================
Received Import Request.
  Time since last request: 0.023729 seconds.
  path: Assets/TextMesh Pro/Shaders/TMP_SDF-Mobile Overlay.shader
  artifactKey: Guid(a02a7d8c237544f1962732b55a9aebf1) Importer(815301076,1909f56bfc062723c751e8b465ee728b)
Start importing Assets/TextMesh Pro/Shaders/TMP_SDF-Mobile Overlay.shader using Guid(a02a7d8c237544f1962732b55a9aebf1) Importer(815301076,1909f56bfc062723c751e8b465ee728b)  -> (artifact id: '8f022ae7f488ca8f3068a34bc87223d6') in 0.008180 seconds
  Import took 0.011470 seconds .

========================================================================
Received Import Request.
  Time since last request: 0.038812 seconds.
  path: Assets/TextMesh Pro/Resources
  artifactKey: Guid(243e06394e614e5d99fab26083b707fa) Importer(815301076,1909f56bfc062723c751e8b465ee728b)
Start importing Assets/TextMesh Pro/Resources using Guid(243e06394e614e5d99fab26083b707fa) Importer(815301076,1909f56bfc062723c751e8b465ee728b)  -> (artifact id: '1ad6fbd06c00bdc2eb80772804240147') in 0.009471 seconds
  Import took 0.012729 seconds .

========================================================================
Received Import Request.
  Time since last request: 0.019013 seconds.
  path: Assets/TextMesh Pro/Resources/LineBreaking Leading Characters.txt
  artifactKey: Guid(d82c1b31c7e74239bff1220585707d2b) Importer(815301076,1909f56bfc062723c751e8b465ee728b)
Start importing Assets/TextMesh Pro/Resources/LineBreaking Leading Characters.txt using Guid(d82c1b31c7e74239bff1220585707d2b) Importer(815301076,1909f56bfc062723c751e8b465ee728b)  -> (artifact id: '191d7fb5c1dd9f4b2400d52659466093') in 0.009025 seconds
  Import took 0.011631 seconds .

AssetImportWorkerClient::OnTransportError - code=2 error=End of file
